TN:
SF:controllers/authController.js
FN:11,(anonymous_0)
FN:27,(anonymous_1)
FN:32,(anonymous_2)
FN:46,(anonymous_3)
FN:79,(anonymous_4)
FN:88,(anonymous_5)
FNF:6
FNH:6
FNDA:1,(anonymous_0)
FNDA:1,(anonymous_1)
FNDA:1,(anonymous_2)
FNDA:17,(anonymous_3)
FNDA:1,(anonymous_4)
FNDA:18,(anonymous_5)
DA:1,1
DA:2,1
DA:3,1
DA:4,1
DA:5,1
DA:8,1
DA:11,1
DA:12,1
DA:13,1
DA:14,1
DA:15,1
DA:16,0
DA:17,0
DA:19,1
DA:21,0
DA:22,0
DA:27,1
DA:28,1
DA:32,1
DA:33,1
DA:34,1
DA:35,0
DA:39,1
DA:42,1
DA:45,1
DA:46,17
DA:50,1
DA:51,0
DA:55,1
DA:67,1
DA:70,1
DA:72,1
DA:79,1
DA:80,1
DA:81,1
DA:82,0
DA:85,1
DA:86,1
DA:88,18
DA:89,1
DA:90,0
DA:93,1
DA:98,1
LF:43
LH:35
BRDA:5,0,0,1
BRDA:5,0,1,1
BRDA:15,1,0,0
BRDA:15,1,1,1
BRDA:34,2,0,0
BRDA:34,2,1,1
BRDA:46,3,0,17
BRDA:46,3,1,17
BRDA:50,4,0,0
BRDA:50,4,1,1
BRDA:81,5,0,0
BRDA:81,5,1,1
BRDA:88,6,0,18
BRDA:88,6,1,1
BRDA:89,7,0,0
BRDA:89,7,1,1
BRF:16
BRH:11
end_of_record
TN:
SF:controllers/userProfileController.js
FN:9,(anonymous_0)
FN:25,(anonymous_1)
FN:30,(anonymous_2)
FN:40,(anonymous_3)
FN:60,(anonymous_4)
FN:65,(anonymous_5)
FN:68,(anonymous_6)
FN:81,(anonymous_7)
FN:85,(anonymous_8)
FNF:9
FNH:8
FNDA:3,(anonymous_0)
FNDA:1,(anonymous_1)
FNDA:1,(anonymous_2)
FNDA:2,(anonymous_3)
FNDA:0,(anonymous_4)
FNDA:1,(anonymous_5)
FNDA:2,(anonymous_6)
FNDA:1,(anonymous_7)
FNDA:2,(anonymous_8)
DA:1,1
DA:2,1
DA:3,1
DA:6,1
DA:9,1
DA:10,3
DA:11,3
DA:12,3
DA:13,3
DA:14,0
DA:15,0
DA:17,3
DA:19,0
DA:20,0
DA:25,1
DA:26,1
DA:30,1
DA:31,1
DA:32,1
DA:33,0
DA:36,1
DA:38,1
DA:40,2
DA:41,1
DA:43,1
DA:44,1
DA:45,1
DA:46,1
DA:47,1
DA:48,1
DA:49,1
DA:50,1
DA:52,0
DA:53,0
DA:56,1
DA:58,1
DA:60,0
DA:65,1
DA:66,1
DA:67,1
DA:68,2
DA:70,1
DA:71,1
DA:74,0
DA:81,1
DA:82,1
DA:83,1
DA:85,2
DA:86,1
DA:87,1
DA:90,0
DA:92,0
LF:52
LH:41
BRDA:13,0,0,0
BRDA:13,0,1,3
BRDA:32,1,0,0
BRDA:32,1,1,1
BRDA:41,2,0,1
BRDA:41,2,1,0
BRDA:43,3,0,1
BRDA:43,3,1,0
BRDA:44,4,0,1
BRDA:44,4,1,0
BRDA:45,5,0,1
BRDA:45,5,1,0
BRDA:46,6,0,1
BRDA:46,6,1,0
BRDA:47,7,0,1
BRDA:47,7,1,0
BRDA:48,8,0,1
BRDA:48,8,1,0
BRDA:49,9,0,1
BRDA:49,9,1,0
BRDA:50,10,0,1
BRDA:50,10,1,0
BRDA:60,11,0,1
BRDA:60,11,1,0
BRDA:70,12,0,1
BRDA:70,12,1,0
BRDA:86,13,0,1
BRDA:86,13,1,0
BRF:28
BRH:14
end_of_record
TN:
SF:validators/logregValidator.js
FNF:0
FNH:0
DA:1,1
DA:3,1
DA:13,1
LF:3
LH:3
BRF:0
BRH:0
end_of_record
TN:
SF:validators/userProfileValidator.js
FNF:0
FNH:0
DA:1,1
DA:3,1
LF:2
LH:2
BRF:0
BRH:0
end_of_record
