TN:
SF:controllers/authController.js
FN:9,(anonymous_0)
FN:21,(anonymous_1)
FN:60,(anonymous_2)
FNF:3
FNH:3
FNDA:2,(anonymous_0)
FNDA:4,(anonymous_1)
FNDA:5,(anonymous_2)
DA:1,1
DA:2,1
DA:3,1
DA:4,1
DA:5,1
DA:9,1
DA:10,2
DA:21,1
DA:23,4
DA:24,4
DA:25,1
DA:28,3
DA:30,3
DA:32,3
DA:35,3
DA:36,1
DA:40,2
DA:45,2
DA:49,1
DA:54,1
DA:55,1
DA:60,1
DA:62,5
DA:63,5
DA:64,1
DA:67,4
DA:69,4
DA:71,4
DA:72,3
DA:73,1
DA:76,2
DA:77,2
DA:78,1
DA:82,1
DA:88,1
DA:94,1
DA:95,1
LF:37
LH:37
BRDA:4,0,0,1
BRDA:4,0,1,1
BRDA:24,1,0,1
BRDA:24,1,1,3
BRDA:35,2,0,1
BRDA:35,2,1,2
BRDA:63,3,0,1
BRDA:63,3,1,4
BRDA:72,4,0,1
BRDA:72,4,1,2
BRDA:77,5,0,1
BRDA:77,5,1,1
BRF:12
BRH:12
end_of_record
TN:
SF:validators/logregValidator.js
FNF:0
FNH:0
DA:1,1
DA:3,1
DA:13,1
LF:3
LH:3
BRF:0
BRH:0
end_of_record
